<?xml version="1.0" encoding="UTF-8"?>
<!-- Generated by org.testng.reporters.JUnitXMLReporter -->
<testsuite hostname="DESKTOP-23R50OH" ignored="25" name="Test" tests="1" failures="1" timestamp="07 Nov 2022 11:49:18 GMT" time="10.489" errors="0">
  <testcase name="locatingXpathSubsSave" time="1.989" classname="com.obsqura.TestNGSample.Locators">
    <failure type="org.openqa.selenium.InvalidSelectorException" message="invalid selector: Unable to locate an element with the xpath expression (//div[@id=&amp;apos;nav-subnav&amp;apos;])[3]//child::a[4]//child::(span[@class=&amp;apos;nav-a-content&amp;apos;])[4] because of the following error:
SyntaxError: Failed to execute &amp;apos;evaluate&amp;apos; on &amp;apos;Document&amp;apos;: The string &amp;apos;(//div[@id=&amp;apos;nav-subnav&amp;apos;])[3]//child::a[4]//child::(span[@class=&amp;apos;nav-a-content&amp;apos;])[4]&amp;apos; is not a valid XPath expression.
  (Session info: chrome=107.0.5304.88)
For documentation on this error, please visit: https://selenium.dev/exceptions/#invalid_selector_exception
Build info: version: &amp;apos;4.4.0&amp;apos;, revision: &amp;apos;e5c75ed026a&amp;apos;
System info: host: &amp;apos;DESKTOP-23R50OH&amp;apos;, ip: &amp;apos;192.168.0.169&amp;apos;, os.name: &amp;apos;Windows 10&amp;apos;, os.arch: &amp;apos;amd64&amp;apos;, os.version: &amp;apos;10.0&amp;apos;, java.version: &amp;apos;1.8.0_201&amp;apos;
Driver info: org.openqa.selenium.chrome.ChromeDriver
Command: [954b933a370956c2336c475a92f1f2a6, findElement {using=xpath, value=(//div[@id=&amp;apos;nav-subnav&amp;apos;])[3]//child::a[4]//child::(span[@class=&amp;apos;nav-a-content&amp;apos;])[4]}]
Capabilities {acceptInsecureCerts: false, browserName: chrome, browserVersion: 107.0.5304.88, chrome: {chromedriverVersion: 106.0.5249.61 (511755355844..., userDataDir: C:\Users\admin\AppData\Loca...}, goog:chromeOptions: {debuggerAddress: localhost:50122}, networkConnectionEnabled: false, pageLoadStrategy: normal, platformName: WINDOWS, proxy: Proxy(), se:cdp: ws://localhost:50122/devtoo..., se:cdpVersion: 107.0.5304.88, setWindowRect: true, strictFileInteractability: false, timeouts: {implicit: 0, pageLoad: 300000, script: 30000}, unhandledPromptBehavior: dismiss and notify, webauthn:extension:credBlob: true, webauthn:extension:largeBlob: true, webauthn:virtualAuthenticators: true}
Session ID: 954b933a370956c2336c475a92f1f2a6">
      <![CDATA[org.openqa.selenium.InvalidSelectorException: invalid selector: Unable to locate an element with the xpath expression (//div[@id='nav-subnav'])[3]//child::a[4]//child::(span[@class='nav-a-content'])[4] because of the following error:
SyntaxError: Failed to execute 'evaluate' on 'Document': The string '(//div[@id='nav-subnav'])[3]//child::a[4]//child::(span[@class='nav-a-content'])[4]' is not a valid XPath expression.
  (Session info: chrome=107.0.5304.88)
For documentation on this error, please visit: https://selenium.dev/exceptions/#invalid_selector_exception
Build info: version: '4.4.0', revision: 'e5c75ed026a'
System info: host: 'DESKTOP-23R50OH', ip: '192.168.0.169', os.name: 'Windows 10', os.arch: 'amd64', os.version: '10.0', java.version: '1.8.0_201'
Driver info: org.openqa.selenium.chrome.ChromeDriver
Command: [954b933a370956c2336c475a92f1f2a6, findElement {using=xpath, value=(//div[@id='nav-subnav'])[3]//child::a[4]//child::(span[@class='nav-a-content'])[4]}]
Capabilities {acceptInsecureCerts: false, browserName: chrome, browserVersion: 107.0.5304.88, chrome: {chromedriverVersion: 106.0.5249.61 (511755355844..., userDataDir: C:\Users\admin\AppData\Loca...}, goog:chromeOptions: {debuggerAddress: localhost:50122}, networkConnectionEnabled: false, pageLoadStrategy: normal, platformName: WINDOWS, proxy: Proxy(), se:cdp: ws://localhost:50122/devtoo..., se:cdpVersion: 107.0.5304.88, setWindowRect: true, strictFileInteractability: false, timeouts: {implicit: 0, pageLoad: 300000, script: 30000}, unhandledPromptBehavior: dismiss and notify, webauthn:extension:credBlob: true, webauthn:extension:largeBlob: true, webauthn:virtualAuthenticators: true}
Session ID: 954b933a370956c2336c475a92f1f2a6
	at org.openqa.selenium.remote.codec.w3c.W3CHttpResponseCodec.createException(W3CHttpResponseCodec.java:200)
	at org.openqa.selenium.remote.codec.w3c.W3CHttpResponseCodec.decode(W3CHttpResponseCodec.java:133)
	at org.openqa.selenium.remote.codec.w3c.W3CHttpResponseCodec.decode(W3CHttpResponseCodec.java:53)
	at org.openqa.selenium.remote.HttpCommandExecutor.execute(HttpCommandExecutor.java:184)
	at org.openqa.selenium.remote.service.DriverCommandExecutor.invokeExecute(DriverCommandExecutor.java:167)
	at org.openqa.selenium.remote.service.DriverCommandExecutor.execute(DriverCommandExecutor.java:142)
	at org.openqa.selenium.remote.RemoteWebDriver.execute(RemoteWebDriver.java:547)
	at org.openqa.selenium.remote.ElementLocation$ElementFinder$2.findElement(ElementLocation.java:162)
	at org.openqa.selenium.remote.ElementLocation.findElement(ElementLocation.java:60)
	at org.openqa.selenium.remote.RemoteWebDriver.findElement(RemoteWebDriver.java:365)
	at org.openqa.selenium.remote.RemoteWebDriver.findElement(RemoteWebDriver.java:357)
	at com.obsqura.TestNGSample.Locators.locatingXpathSubsSave(Locators.java:137)
... Removed 29 stack frames]]>
    </failure>
  </testcase> <!-- locatingXpathSubsSave -->
  <testcase name="locatingCSSSetLang" time="0.0" classname="com.obsqura.TestNGSample.Locators">
    <ignored/>
  </testcase> <!-- locatingCSSSetLang -->
  <testcase name="locatingXpathAirdopeAddCart" time="0.0" classname="com.obsqura.TestNGSample.Locators">
    <ignored/>
  </testcase> <!-- locatingXpathAirdopeAddCart -->
  <testcase name="locatingName" time="0.0" classname="com.obsqura.TestNGSample.Locators">
    <ignored/>
  </testcase> <!-- locatingName -->
  <testcase name="locatingXpathSearch" time="0.0" classname="com.obsqura.TestNGSample.Locators">
    <ignored/>
  </testcase> <!-- locatingXpathSearch -->
  <testcase name="locatingAll" time="0.0" classname="com.obsqura.TestNGSample.Locators">
    <ignored/>
  </testcase> <!-- locatingAll -->
  <testcase name="locatingXpathCookwareDining" time="0.0" classname="com.obsqura.TestNGSample.Locators">
    <ignored/>
  </testcase> <!-- locatingXpathCookwareDining -->
  <testcase name="locatingXpathdir" time="0.0" classname="com.obsqura.TestNGSample.Locators">
    <ignored/>
  </testcase> <!-- locatingXpathdir -->
  <testcase name="locatingCSSAll" time="0.0" classname="com.obsqura.TestNGSample.Locators">
    <ignored/>
  </testcase> <!-- locatingCSSAll -->
  <testcase name="locatingCSSFlag" time="0.0" classname="com.obsqura.TestNGSample.Locators">
    <ignored/>
  </testcase> <!-- locatingCSSFlag -->
  <testcase name="locatingXpathBooks" time="0.0" classname="com.obsqura.TestNGSample.Locators">
    <ignored/>
  </testcase> <!-- locatingXpathBooks -->
  <testcase name="locatingXpathClickSearch" time="0.0" classname="com.obsqura.TestNGSample.Locators">
    <ignored/>
  </testcase> <!-- locatingXpathClickSearch -->
  <testcase name="locatingCSSSel" time="0.0" classname="com.obsqura.TestNGSample.Locators">
    <ignored/>
  </testcase> <!-- locatingCSSSel -->
  <testcase name="locatingCSSLawnGrdn" time="0.0" classname="com.obsqura.TestNGSample.Locators">
    <ignored/>
  </testcase> <!-- locatingCSSLawnGrdn -->
  <testcase name="locatingStartSelling" time="0.0" classname="com.obsqura.TestNGSample.Locators">
    <ignored/>
  </testcase> <!-- locatingStartSelling -->
  <testcase name="locatingXpathBestSellers" time="0.0" classname="com.obsqura.TestNGSample.Locators">
    <ignored/>
  </testcase> <!-- locatingXpathBestSellers -->
  <testcase name="locatingXpathElectroTop" time="0.0" classname="com.obsqura.TestNGSample.Locators">
    <ignored/>
  </testcase> <!-- locatingXpathElectroTop -->
  <testcase name="locatingxpathGarage" time="0.0" classname="com.obsqura.TestNGSample.Locators">
    <ignored/>
  </testcase> <!-- locatingxpathGarage -->
  <testcase name="locatingById" time="0.0" classname="com.obsqura.TestNGSample.Locators">
    <ignored/>
  </testcase> <!-- locatingById -->
  <testcase name="locatingByClass" time="0.0" classname="com.obsqura.TestNGSample.Locators">
    <ignored/>
  </testcase> <!-- locatingByClass -->
  <testcase name="locatingFlag" time="0.0" classname="com.obsqura.TestNGSample.Locators">
    <ignored/>
  </testcase> <!-- locatingFlag -->
  <testcase name="locatingXpathAccountlists" time="0.0" classname="com.obsqura.TestNGSample.Locators">
    <ignored/>
  </testcase> <!-- locatingXpathAccountlists -->
  <testcase name="locatingXpathSignIn" time="0.0" classname="com.obsqura.TestNGSample.Locators">
    <ignored/>
  </testcase> <!-- locatingXpathSignIn -->
  <testcase name="locatingCSSCartToDeals" time="0.0" classname="com.obsqura.TestNGSample.Locators">
    <ignored/>
  </testcase> <!-- locatingCSSCartToDeals -->
  <testcase name="locatingFashionWomen" time="0.0" classname="com.obsqura.TestNGSample.Locators">
    <ignored/>
  </testcase> <!-- locatingFashionWomen -->
  <testcase name="locatingClass" time="0.0" classname="com.obsqura.TestNGSample.Locators">
    <ignored/>
  </testcase> <!-- locatingClass -->
</testsuite> <!-- Test -->
