<?xml version="1.0" encoding="UTF-8"?>
<testng-results skipped="0" failed="2" ignored="0" total="5" passed="3">
  <reporter-output>
  </reporter-output>
  <suite name="Default suite" duration-ms="67866" started-at="2022-11-02T03:09:06Z" finished-at="2022-11-02T03:10:14Z">
    <groups>
    </groups>
    <test name="Default test" duration-ms="67866" started-at="2022-11-02T03:09:06Z" finished-at="2022-11-02T03:10:14Z">
      <class name="com.obsqura.TestNGSample.BrowserCommands">
        <test-method status="PASS" signature="initBrowser()[pri:0, instance:com.obsqura.TestNGSample.BrowserCommands@13deb50e]" name="initBrowser" is-config="true" duration-ms="11633" started-at="2022-11-02T07:09:06Z" finished-at="2022-11-02T07:09:18Z">
          <reporter-output>
          </reporter-output>
        </test-method> <!-- initBrowser -->
        <test-method status="FAIL" signature="verifyTitle()[pri:0, instance:com.obsqura.TestNGSample.BrowserCommands@13deb50e]" name="verifyTitle" duration-ms="587" started-at="2022-11-02T07:09:18Z" finished-at="2022-11-02T07:09:19Z">
          <exception class="java.lang.AssertionError">
            <message>
              <![CDATA[expected [Online Shopping site in India: Shop Online for Mobiles, Books, Watches, Shoes and More - Amazon.in] but found [Welcome to Amazon.ae Shop Online in UAE for Electronics, Apparel, Computers, Grocery &amp; more | Amazon.ae]]]>
            </message>
            <full-stacktrace>
              <![CDATA[java.lang.AssertionError: expected [Online Shopping site in India: Shop Online for Mobiles, Books, Watches, Shoes and More - Amazon.in] but found [Welcome to Amazon.ae Shop Online in UAE for Electronics, Apparel, Computers, Grocery &amp; more | Amazon.ae]
	at org.testng.Assert.fail(Assert.java:93)
	at org.testng.Assert.failNotEquals(Assert.java:512)
	at org.testng.Assert.assertEqualsImpl(Assert.java:134)
	at org.testng.Assert.assertEquals(Assert.java:115)
	at org.testng.Assert.assertEquals(Assert.java:189)
	at org.testng.Assert.assertEquals(Assert.java:199)
	at com.obsqura.TestNGSample.BrowserCommands.verifyTitle(BrowserCommands.java:16)
	at sun.reflect.NativeMethodAccessorImpl.invoke0(Native Method)
	at sun.reflect.NativeMethodAccessorImpl.invoke(Unknown Source)
	at sun.reflect.DelegatingMethodAccessorImpl.invoke(Unknown Source)
	at java.lang.reflect.Method.invoke(Unknown Source)
	at org.testng.internal.MethodInvocationHelper.invokeMethod(MethodInvocationHelper.java:108)
	at org.testng.internal.Invoker.invokeMethod(Invoker.java:661)
	at org.testng.internal.Invoker.invokeTestMethod(Invoker.java:869)
	at org.testng.internal.Invoker.invokeTestMethods(Invoker.java:1193)
	at org.testng.internal.TestMethodWorker.invokeTestMethods(TestMethodWorker.java:126)
	at org.testng.internal.TestMethodWorker.run(TestMethodWorker.java:109)
	at org.testng.TestRunner.privateRun(TestRunner.java:744)
	at org.testng.TestRunner.run(TestRunner.java:602)
	at org.testng.SuiteRunner.runTest(SuiteRunner.java:380)
	at org.testng.SuiteRunner.runSequentially(SuiteRunner.java:375)
	at org.testng.SuiteRunner.privateRun(SuiteRunner.java:340)
	at org.testng.SuiteRunner.run(SuiteRunner.java:289)
	at org.testng.SuiteRunnerWorker.runSuite(SuiteRunnerWorker.java:52)
	at org.testng.SuiteRunnerWorker.run(SuiteRunnerWorker.java:86)
	at org.testng.TestNG.runSuitesSequentially(TestNG.java:1301)
	at org.testng.TestNG.runSuitesLocally(TestNG.java:1226)
	at org.testng.TestNG.runSuites(TestNG.java:1144)
	at org.testng.TestNG.run(TestNG.java:1115)
	at org.testng.remote.AbstractRemoteTestNG.run(AbstractRemoteTestNG.java:132)
	at org.testng.remote.RemoteTestNG.initAndRun(RemoteTestNG.java:230)
	at org.testng.remote.RemoteTestNG.main(RemoteTestNG.java:76)
]]>
            </full-stacktrace>
          </exception> <!-- java.lang.AssertionError -->
          <reporter-output>
          </reporter-output>
        </test-method> <!-- verifyTitle -->
        <test-method status="PASS" signature="browserQuit()[pri:0, instance:com.obsqura.TestNGSample.BrowserCommands@13deb50e]" name="browserQuit" is-config="true" duration-ms="1050" started-at="2022-11-02T07:09:19Z" finished-at="2022-11-02T07:09:20Z">
          <reporter-output>
          </reporter-output>
        </test-method> <!-- browserQuit -->
        <test-method status="PASS" signature="initBrowser()[pri:0, instance:com.obsqura.TestNGSample.BrowserCommands@13deb50e]" name="initBrowser" is-config="true" duration-ms="8307" started-at="2022-11-02T07:09:20Z" finished-at="2022-11-02T07:09:28Z">
          <reporter-output>
          </reporter-output>
        </test-method> <!-- initBrowser -->
        <test-method status="PASS" signature="verifyUrl()[pri:0, instance:com.obsqura.TestNGSample.BrowserCommands@13deb50e]" name="verifyUrl" duration-ms="225" started-at="2022-11-02T07:09:28Z" finished-at="2022-11-02T07:09:28Z">
          <reporter-output>
          </reporter-output>
        </test-method> <!-- verifyUrl -->
        <test-method status="PASS" signature="browserQuit()[pri:0, instance:com.obsqura.TestNGSample.BrowserCommands@13deb50e]" name="browserQuit" is-config="true" duration-ms="1122" started-at="2022-11-02T07:09:28Z" finished-at="2022-11-02T07:09:29Z">
          <reporter-output>
          </reporter-output>
        </test-method> <!-- browserQuit -->
      </class> <!-- com.obsqura.TestNGSample.BrowserCommands -->
      <class name="com.obsqura.TestNGSample.Locators">
        <test-method status="PASS" signature="initBrowser()[pri:0, instance:com.obsqura.TestNGSample.Locators@239963d8]" name="initBrowser" is-config="true" duration-ms="9839" started-at="2022-11-02T07:09:29Z" finished-at="2022-11-02T07:09:39Z">
          <reporter-output>
          </reporter-output>
        </test-method> <!-- initBrowser -->
        <test-method status="FAIL" signature="locatingByClass()[pri:0, instance:com.obsqura.TestNGSample.Locators@239963d8]" name="locatingByClass" duration-ms="367" started-at="2022-11-02T07:09:39Z" description="Locating By Class Obsqura Zone" finished-at="2022-11-02T07:09:39Z">
          <exception class="org.openqa.selenium.NoSuchElementException">
            <message>
              <![CDATA[no such element: Unable to locate element: {"method":"css selector","selector":".top\-logo"}
  (Session info: chrome=106.0.5249.121)
For documentation on this error, please visit: https://selenium.dev/exceptions/#no_such_element
Build info: version: '4.4.0', revision: 'e5c75ed026a'
System info: host: 'DESKTOP-23R50OH', ip: '192.168.0.169', os.name: 'Windows 10', os.arch: 'amd64', os.version: '10.0', java.version: '1.8.0_201'
Driver info: org.openqa.selenium.chrome.ChromeDriver
Command: [2a9a7a96fd90b1cd4aaaa50903afb8d7, findElement {using=class name, value=top-logo}]
Capabilities {acceptInsecureCerts: false, browserName: chrome, browserVersion: 106.0.5249.121, chrome: {chromedriverVersion: 106.0.5249.61 (511755355844..., userDataDir: C:\Users\admin\AppData\Loca...}, goog:chromeOptions: {debuggerAddress: localhost:50022}, networkConnectionEnabled: false, pageLoadStrategy: normal, platformName: WINDOWS, proxy: Proxy(), se:cdp: ws://localhost:50022/devtoo..., se:cdpVersion: 106.0.5249.121, setWindowRect: true, strictFileInteractability: false, timeouts: {implicit: 0, pageLoad: 300000, script: 30000}, unhandledPromptBehavior: dismiss and notify, webauthn:extension:credBlob: true, webauthn:extension:largeBlob: true, webauthn:virtualAuthenticators: true}
Session ID: 2a9a7a96fd90b1cd4aaaa50903afb8d7]]>
            </message>
            <full-stacktrace>
              <![CDATA[org.openqa.selenium.NoSuchElementException: no such element: Unable to locate element: {"method":"css selector","selector":".top\-logo"}
  (Session info: chrome=106.0.5249.121)
For documentation on this error, please visit: https://selenium.dev/exceptions/#no_such_element
Build info: version: '4.4.0', revision: 'e5c75ed026a'
System info: host: 'DESKTOP-23R50OH', ip: '192.168.0.169', os.name: 'Windows 10', os.arch: 'amd64', os.version: '10.0', java.version: '1.8.0_201'
Driver info: org.openqa.selenium.chrome.ChromeDriver
Command: [2a9a7a96fd90b1cd4aaaa50903afb8d7, findElement {using=class name, value=top-logo}]
Capabilities {acceptInsecureCerts: false, browserName: chrome, browserVersion: 106.0.5249.121, chrome: {chromedriverVersion: 106.0.5249.61 (511755355844..., userDataDir: C:\Users\admin\AppData\Loca...}, goog:chromeOptions: {debuggerAddress: localhost:50022}, networkConnectionEnabled: false, pageLoadStrategy: normal, platformName: WINDOWS, proxy: Proxy(), se:cdp: ws://localhost:50022/devtoo..., se:cdpVersion: 106.0.5249.121, setWindowRect: true, strictFileInteractability: false, timeouts: {implicit: 0, pageLoad: 300000, script: 30000}, unhandledPromptBehavior: dismiss and notify, webauthn:extension:credBlob: true, webauthn:extension:largeBlob: true, webauthn:virtualAuthenticators: true}
Session ID: 2a9a7a96fd90b1cd4aaaa50903afb8d7
	at sun.reflect.NativeConstructorAccessorImpl.newInstance0(Native Method)
	at sun.reflect.NativeConstructorAccessorImpl.newInstance(Unknown Source)
	at sun.reflect.DelegatingConstructorAccessorImpl.newInstance(Unknown Source)
	at java.lang.reflect.Constructor.newInstance(Unknown Source)
	at org.openqa.selenium.remote.codec.w3c.W3CHttpResponseCodec.createException(W3CHttpResponseCodec.java:200)
	at org.openqa.selenium.remote.codec.w3c.W3CHttpResponseCodec.decode(W3CHttpResponseCodec.java:133)
	at org.openqa.selenium.remote.codec.w3c.W3CHttpResponseCodec.decode(W3CHttpResponseCodec.java:53)
	at org.openqa.selenium.remote.HttpCommandExecutor.execute(HttpCommandExecutor.java:184)
	at org.openqa.selenium.remote.service.DriverCommandExecutor.invokeExecute(DriverCommandExecutor.java:167)
	at org.openqa.selenium.remote.service.DriverCommandExecutor.execute(DriverCommandExecutor.java:142)
	at org.openqa.selenium.remote.RemoteWebDriver.execute(RemoteWebDriver.java:547)
	at org.openqa.selenium.remote.ElementLocation$ElementFinder$2.findElement(ElementLocation.java:162)
	at org.openqa.selenium.remote.ElementLocation.findElement(ElementLocation.java:66)
	at org.openqa.selenium.remote.RemoteWebDriver.findElement(RemoteWebDriver.java:365)
	at org.openqa.selenium.remote.RemoteWebDriver.findElement(RemoteWebDriver.java:357)
	at com.obsqura.TestNGSample.Locators.locatingByClass(Locators.java:17)
	at sun.reflect.NativeMethodAccessorImpl.invoke0(Native Method)
	at sun.reflect.NativeMethodAccessorImpl.invoke(Unknown Source)
	at sun.reflect.DelegatingMethodAccessorImpl.invoke(Unknown Source)
	at java.lang.reflect.Method.invoke(Unknown Source)
	at org.testng.internal.MethodInvocationHelper.invokeMethod(MethodInvocationHelper.java:108)
	at org.testng.internal.Invoker.invokeMethod(Invoker.java:661)
	at org.testng.internal.Invoker.invokeTestMethod(Invoker.java:869)
	at org.testng.internal.Invoker.invokeTestMethods(Invoker.java:1193)
	at org.testng.internal.TestMethodWorker.invokeTestMethods(TestMethodWorker.java:126)
	at org.testng.internal.TestMethodWorker.run(TestMethodWorker.java:109)
	at org.testng.TestRunner.privateRun(TestRunner.java:744)
	at org.testng.TestRunner.run(TestRunner.java:602)
	at org.testng.SuiteRunner.runTest(SuiteRunner.java:380)
	at org.testng.SuiteRunner.runSequentially(SuiteRunner.java:375)
	at org.testng.SuiteRunner.privateRun(SuiteRunner.java:340)
	at org.testng.SuiteRunner.run(SuiteRunner.java:289)
	at org.testng.SuiteRunnerWorker.runSuite(SuiteRunnerWorker.java:52)
	at org.testng.SuiteRunnerWorker.run(SuiteRunnerWorker.java:86)
	at org.testng.TestNG.runSuitesSequentially(TestNG.java:1301)
	at org.testng.TestNG.runSuitesLocally(TestNG.java:1226)
	at org.testng.TestNG.runSuites(TestNG.java:1144)
	at org.testng.TestNG.run(TestNG.java:1115)
	at org.testng.remote.AbstractRemoteTestNG.run(AbstractRemoteTestNG.java:132)
	at org.testng.remote.RemoteTestNG.initAndRun(RemoteTestNG.java:230)
	at org.testng.remote.RemoteTestNG.main(RemoteTestNG.java:76)
]]>
            </full-stacktrace>
          </exception> <!-- org.openqa.selenium.NoSuchElementException -->
          <reporter-output>
          </reporter-output>
        </test-method> <!-- locatingByClass -->
        <test-method status="PASS" signature="browserQuit()[pri:0, instance:com.obsqura.TestNGSample.Locators@239963d8]" name="browserQuit" is-config="true" duration-ms="1090" started-at="2022-11-02T07:09:39Z" finished-at="2022-11-02T07:09:41Z">
          <reporter-output>
          </reporter-output>
        </test-method> <!-- browserQuit -->
        <test-method status="PASS" signature="initBrowser()[pri:0, instance:com.obsqura.TestNGSample.Locators@239963d8]" name="initBrowser" is-config="true" duration-ms="11333" started-at="2022-11-02T07:09:41Z" finished-at="2022-11-02T07:09:52Z">
          <reporter-output>
          </reporter-output>
        </test-method> <!-- initBrowser -->
        <test-method status="PASS" signature="locatingById()[pri:0, instance:com.obsqura.TestNGSample.Locators@239963d8]" name="locatingById" duration-ms="9230" started-at="2022-11-02T07:09:52Z" description="Locating By ID Amazon Test Case" finished-at="2022-11-02T07:10:01Z">
          <reporter-output>
          </reporter-output>
        </test-method> <!-- locatingById -->
        <test-method status="PASS" signature="browserQuit()[pri:0, instance:com.obsqura.TestNGSample.Locators@239963d8]" name="browserQuit" is-config="true" duration-ms="1021" started-at="2022-11-02T07:10:01Z" finished-at="2022-11-02T07:10:02Z">
          <reporter-output>
          </reporter-output>
        </test-method> <!-- browserQuit -->
        <test-method status="PASS" signature="initBrowser()[pri:0, instance:com.obsqura.TestNGSample.Locators@239963d8]" name="initBrowser" is-config="true" duration-ms="9888" started-at="2022-11-02T07:10:02Z" finished-at="2022-11-02T07:10:12Z">
          <reporter-output>
          </reporter-output>
        </test-method> <!-- initBrowser -->
        <test-method status="PASS" signature="locatingClass()[pri:0, instance:com.obsqura.TestNGSample.Locators@239963d8]" name="locatingClass" duration-ms="1016" started-at="2022-11-02T07:10:12Z" description="Locating By Class Amazon" finished-at="2022-11-02T07:10:13Z">
          <reporter-output>
          </reporter-output>
        </test-method> <!-- locatingClass -->
        <test-method status="PASS" signature="browserQuit()[pri:0, instance:com.obsqura.TestNGSample.Locators@239963d8]" name="browserQuit" is-config="true" duration-ms="1058" started-at="2022-11-02T07:10:13Z" finished-at="2022-11-02T07:10:14Z">
          <reporter-output>
          </reporter-output>
        </test-method> <!-- browserQuit -->
      </class> <!-- com.obsqura.TestNGSample.Locators -->
    </test> <!-- Default test -->
  </suite> <!-- Default suite -->
</testng-results>
